[2024-09-26 13:27:44,338: INFO: main: Welcome to our custom log]
[2024-09-26 13:28:14,585: INFO: main: Welcome to our custom log, Hi there is Rishabh Singh]
[2024-09-26 13:32:15,768: INFO: main: Welcome to our custom log, Hi there is Rishabh Singh]
[2024-09-27 15:50:25,563: INFO: common: yaml file: config\config.yaml loaded successfully]
[2024-09-27 15:50:25,580: INFO: common: yaml file: params.yaml loaded successfully]
[2024-09-27 15:50:25,588: INFO: common: created directory at: artifacts]
[2024-09-27 15:50:50,941: INFO: common: yaml file: config\config.yaml loaded successfully]
[2024-09-27 15:50:50,943: INFO: common: yaml file: params.yaml loaded successfully]
[2024-09-27 15:50:50,946: INFO: common: created directory at: artifacts]
[2024-09-27 15:50:50,947: INFO: common: created directory at: artifacts/data_ingestion]
[2024-09-27 15:54:45,960: INFO: common: yaml file: config\config.yaml loaded successfully]
[2024-09-27 15:54:45,962: INFO: common: yaml file: params.yaml loaded successfully]
[2024-09-27 15:54:45,962: INFO: common: created directory at: artifacts]
[2024-09-27 15:54:45,962: INFO: common: created directory at: artifacts/data_ingestion]
[2024-09-27 15:54:45,962: INFO: 2494721979: Downloading data from https://drive.google.com/file/d/1Kls3YRYMlt3TcawgMjLoHhTssbtiJ6R5/view?usp=drive_link into file artifacts/data_ingestion/data.zip]
[2024-09-27 15:55:11,542: INFO: 2494721979: Downloaded data from https://drive.google.com/file/d/1Kls3YRYMlt3TcawgMjLoHhTssbtiJ6R5/view?usp=drive_link into file artifacts/data_ingestion/data.zip]
[2024-09-27 16:17:35,795: INFO: main: >>>>>> stageData Ingestion Stage started <<<<<<]
[2024-09-27 16:17:35,795: INFO: common: yaml file: config\config.yaml loaded successfully]
[2024-09-27 16:17:35,795: INFO: common: yaml file: params.yaml loaded successfully]
[2024-09-27 16:17:35,809: INFO: common: created directory at: artifacts]
[2024-09-27 16:17:35,810: INFO: common: created directory at: artifacts/data_ingestion]
[2024-09-27 16:17:35,810: INFO: data_ingestion: Downloading data from https://drive.google.com/file/d/1Kls3YRYMlt3TcawgMjLoHhTssbtiJ6R5/view?usp=drive_link into file artifacts/data_ingestion/data.zip]
[2024-09-27 16:18:04,318: INFO: data_ingestion: Downloaded data from https://drive.google.com/file/d/1Kls3YRYMlt3TcawgMjLoHhTssbtiJ6R5/view?usp=drive_link into file artifacts/data_ingestion/data.zip]
[2024-09-27 16:18:05,236: INFO: main: >>>>>> stage Data Ingestion Stage completed <<<<<<

x==========x]
